{"sessionId": "25bd74", "id": "log_1778824291282_A", "timestamp": 1778824291282, "location": "src/core/database.py", "message": "Engine created", "data": {"url": "postgresql+asyncpg://postgres:1234@127.0.0.1:5432/ciatec_research_api_v2_db", "echo": false, "pool_size": 1, "pool_timeout": 10}, "runId": "initial", "hypothesisId": "A"}
{"sessionId": "25bd74", "id": "log_1778824291283_E", "timestamp": 1778824291283, "location": "src/core/database.py", "message": "Session factory created", "data": {"expire_on_commit": false, "autoflush": false}, "runId": "initial", "hypothesisId": "E"}
{"sessionId": "25bd74", "id": "log_1778831938665_A", "timestamp": 1778831938665, "location": "src/core/database.py", "message": "Engine created", "data": {"url": "postgresql+asyncpg://postgres:1234@127.0.0.1:5432/ciatec_research_api_v2_db", "echo": false, "pool_size": 1, "pool_timeout": 10}, "runId": "initial", "hypothesisId": "A"}
{"sessionId": "25bd74", "id": "log_1778831938668_E", "timestamp": 1778831938668, "location": "src/core/database.py", "message": "Session factory created", "data": {"expire_on_commit": false, "autoflush": false}, "runId": "initial", "hypothesisId": "E"}
{"sessionId": "25bd74", "id": "log_1778838047830_A", "timestamp": 1778838047830, "location": "src/core/database.py", "message": "Engine created", "data": {"url": "postgresql+asyncpg://postgres:1234@127.0.0.1:5432/ciatec_research_api_v2_db", "echo": false, "pool_size": 1, "pool_timeout": 10}, "runId": "initial", "hypothesisId": "A"}
{"sessionId": "25bd74", "id": "log_1778838047832_E", "timestamp": 1778838047832, "location": "src/core/database.py", "message": "Session factory created", "data": {"expire_on_commit": false, "autoflush": false}, "runId": "initial", "hypothesisId": "E"}
{"sessionId": "25bd74", "id": "log_1778838075856_A", "timestamp": 1778838075856, "location": "src/core/database.py", "message": "Engine created", "data": {"url": "postgresql+asyncpg://postgres:1234@127.0.0.1:5432/ciatec_research_api_v2_db", "echo": false, "pool_size": 1, "pool_timeout": 10}, "runId": "initial", "hypothesisId": "A"}
{"sessionId": "25bd74", "id": "log_1778838075857_E", "timestamp": 1778838075857, "location": "src/core/database.py", "message": "Session factory created", "data": {"expire_on_commit": false, "autoflush": false}, "runId": "initial", "hypothesisId": "E"}
{"sessionId": "25bd74", "id": "log_1778838183058_A", "timestamp": 1778838183058, "location": "src/core/database.py", "message": "Engine created", "data": {"url": "postgresql+asyncpg://postgres:1234@127.0.0.1:5432/ciatec_research_api_v2_db", "echo": false, "pool_size": 1, "pool_timeout": 10}, "runId": "initial", "hypothesisId": "A"}
{"sessionId": "25bd74", "id": "log_1778838183058_E", "timestamp": 1778838183058, "location": "src/core/database.py", "message": "Session factory created", "data": {"expire_on_commit": false, "autoflush": false}, "runId": "initial", "hypothesisId": "E"}
{"sessionId": "25bd74", "id": "log_1778838392774_A", "timestamp": 1778838392774, "location": "src/core/database.py", "message": "get_db called - session start", "data": {}, "runId": "initial", "hypothesisId": "A"}
{"sessionId": "25bd74", "id": "log_1778838392775_A", "timestamp": 1778838392776, "location": "src/core/database.py", "message": "Session created successfully", "data": {"session_id": 2087927779344, "autocommit": "unknown"}, "runId": "initial", "hypothesisId": "A"}
{"sessionId": "25bd74", "id": "log_1778838393524_A", "timestamp": 1778838393524, "location": "src/core/database.py", "message": "Session yielded - about to exit context", "data": {"session_id": 2087927779344}, "runId": "initial", "hypothesisId": "A"}
{"sessionId": "25bd74", "id": "log_1778838393584_A", "timestamp": 1778838393584, "location": "src/core/database.py", "message": "get_db called - session start", "data": {}, "runId": "initial", "hypothesisId": "A"}
{"sessionId": "25bd74", "id": "log_1778838393591_A", "timestamp": 1778838393591, "location": "src/core/database.py", "message": "Session created successfully", "data": {"session_id": 2087931590800, "autocommit": "unknown"}, "runId": "initial", "hypothesisId": "A"}
{"sessionId": "25bd74", "id": "log_1778838393616_A", "timestamp": 1778838393616, "location": "src/core/database.py", "message": "Session yielded - about to exit context", "data": {"session_id": 2087931590800}, "runId": "initial", "hypothesisId": "A"}
{"sessionId": "25bd74", "id": "log_1778838393705_A", "timestamp": 1778838393705, "location": "src/core/database.py", "message": "get_db called - session start", "data": {}, "runId": "initial", "hypothesisId": "A"}
{"sessionId": "25bd74", "id": "log_1778838393707_A", "timestamp": 1778838393707, "location": "src/core/database.py", "message": "Session created successfully", "data": {"session_id": 2087931577040, "autocommit": "unknown"}, "runId": "initial", "hypothesisId": "A"}
{"sessionId": "25bd74", "id": "log_1778838393725_A", "timestamp": 1778838393725, "location": "src/core/database.py", "message": "get_db called - session start", "data": {}, "runId": "initial", "hypothesisId": "A"}
{"sessionId": "25bd74", "id": "log_1778838393725_A", "timestamp": 1778838393726, "location": "src/core/database.py", "message": "Session created successfully", "data": {"session_id": 2087931621936, "autocommit": "unknown"}, "runId": "initial", "hypothesisId": "A"}
{"sessionId": "25bd74", "id": "log_1778838393731_A", "timestamp": 1778838393731, "location": "src/core/database.py", "message": "Session yielded - about to exit context", "data": {"session_id": 2087931577040}, "runId": "initial", "hypothesisId": "A"}
{"sessionId": "25bd74", "id": "log_1778838393742_A", "timestamp": 1778838393742, "location": "src/core/database.py", "message": "Session yielded - about to exit context", "data": {"session_id": 2087931621936}, "runId": "initial", "hypothesisId": "A"}
{"sessionId": "25bd74", "id": "log_1778838397975_A", "timestamp": 1778838397975, "location": "src/core/database.py", "message": "get_db called - session start", "data": {}, "runId": "initial", "hypothesisId": "A"}
{"sessionId": "25bd74", "id": "log_1778838397976_A", "timestamp": 1778838397976, "location": "src/core/database.py", "message": "Session created successfully", "data": {"session_id": 2087931623152, "autocommit": "unknown"}, "runId": "initial", "hypothesisId": "A"}
{"sessionId": "25bd74", "id": "log_1778838397990_A", "timestamp": 1778838397990, "location": "src/core/database.py", "message": "Session yielded - about to exit context", "data": {"session_id": 2087931623152}, "runId": "initial", "hypothesisId": "A"}
{"sessionId": "25bd74", "id": "log_1778838402151_A", "timestamp": 1778838402151, "location": "src/core/database.py", "message": "get_db called - session start", "data": {}, "runId": "initial", "hypothesisId": "A"}
{"sessionId": "25bd74", "id": "log_1778838402153_A", "timestamp": 1778838402153, "location": "src/core/database.py", "message": "Session created successfully", "data": {"session_id": 2087932133744, "autocommit": "unknown"}, "runId": "initial", "hypothesisId": "A"}
{"sessionId": "25bd74", "id": "log_1778838402163_A", "timestamp": 1778838402163, "location": "src/core/database.py", "message": "Session yielded - about to exit context", "data": {"session_id": 2087932133744}, "runId": "initial", "hypothesisId": "A"}
{"sessionId": "25bd74", "id": "log_1778838407539_A", "timestamp": 1778838407539, "location": "src/core/database.py", "message": "get_db called - session start", "data": {}, "runId": "initial", "hypothesisId": "A"}
{"sessionId": "25bd74", "id": "log_1778838407540_A", "timestamp": 1778838407540, "location": "src/core/database.py", "message": "Session created successfully", "data": {"session_id": 2087931605296, "autocommit": "unknown"}, "runId": "initial", "hypothesisId": "A"}
{"sessionId": "25bd74", "id": "log_1778838407560_A", "timestamp": 1778838407560, "location": "src/core/database.py", "message": "Session yielded - about to exit context", "data": {"session_id": 2087931605296}, "runId": "initial", "hypothesisId": "A"}
{"sessionId": "25bd74", "id": "log_1778838408545_A", "timestamp": 1778838408545, "location": "src/core/database.py", "message": "get_db called - session start", "data": {}, "runId": "initial", "hypothesisId": "A"}
{"sessionId": "25bd74", "id": "log_1778838408546_A", "timestamp": 1778838408546, "location": "src/core/database.py", "message": "Session created successfully", "data": {"session_id": 2087931608016, "autocommit": "unknown"}, "runId": "initial", "hypothesisId": "A"}
{"sessionId": "25bd74", "id": "log_1778838408556_A", "timestamp": 1778838408556, "location": "src/core/database.py", "message": "Session yielded - about to exit context", "data": {"session_id": 2087931608016}, "runId": "initial", "hypothesisId": "A"}
{"sessionId": "25bd74", "id": "log_1778838409480_A", "timestamp": 1778838409480, "location": "src/core/database.py", "message": "get_db called - session start", "data": {}, "runId": "initial", "hypothesisId": "A"}
{"sessionId": "25bd74", "id": "log_1778838409482_A", "timestamp": 1778838409482, "location": "src/core/database.py", "message": "Session created successfully", "data": {"session_id": 2087931892560, "autocommit": "unknown"}, "runId": "initial", "hypothesisId": "A"}
{"sessionId": "25bd74", "id": "log_1778838409491_A", "timestamp": 1778838409491, "location": "src/core/database.py", "message": "Session yielded - about to exit context", "data": {"session_id": 2087931892560}, "runId": "initial", "hypothesisId": "A"}
{"sessionId": "25bd74", "id": "log_1778838410498_A", "timestamp": 1778838410498, "location": "src/core/database.py", "message": "get_db called - session start", "data": {}, "runId": "initial", "hypothesisId": "A"}
{"sessionId": "25bd74", "id": "log_1778838410499_A", "timestamp": 1778838410499, "location": "src/core/database.py", "message": "Session created successfully", "data": {"session_id": 2087931898704, "autocommit": "unknown"}, "runId": "initial", "hypothesisId": "A"}
{"sessionId": "25bd74", "id": "log_1778838410508_A", "timestamp": 1778838410508, "location": "src/core/database.py", "message": "Session yielded - about to exit context", "data": {"session_id": 2087931898704}, "runId": "initial", "hypothesisId": "A"}
{"sessionId": "25bd74", "id": "log_1778838411222_A", "timestamp": 1778838411222, "location": "src/core/database.py", "message": "get_db called - session start", "data": {}, "runId": "initial", "hypothesisId": "A"}
{"sessionId": "25bd74", "id": "log_1778838411223_A", "timestamp": 1778838411223, "location": "src/core/database.py", "message": "Session created successfully", "data": {"session_id": 2087931984256, "autocommit": "unknown"}, "runId": "initial", "hypothesisId": "A"}
{"sessionId": "25bd74", "id": "log_1778838411232_A", "timestamp": 1778838411232, "location": "src/core/database.py", "message": "Session yielded - about to exit context", "data": {"session_id": 2087931984256}, "runId": "initial", "hypothesisId": "A"}
{"sessionId": "25bd74", "id": "log_1778838411813_A", "timestamp": 1778838411813, "location": "src/core/database.py", "message": "get_db called - session start", "data": {}, "runId": "initial", "hypothesisId": "A"}
{"sessionId": "25bd74", "id": "log_1778838411815_A", "timestamp": 1778838411815, "location": "src/core/database.py", "message": "Session created successfully", "data": {"session_id": 2087931985216, "autocommit": "unknown"}, "runId": "initial", "hypothesisId": "A"}
{"sessionId": "25bd74", "id": "log_1778838411824_A", "timestamp": 1778838411824, "location": "src/core/database.py", "message": "Session yielded - about to exit context", "data": {"session_id": 2087931985216}, "runId": "initial", "hypothesisId": "A"}
{"sessionId": "25bd74", "id": "log_1778838412380_A", "timestamp": 1778838412380, "location": "src/core/database.py", "message": "get_db called - session start", "data": {}, "runId": "initial", "hypothesisId": "A"}
{"sessionId": "25bd74", "id": "log_1778838412381_A", "timestamp": 1778838412381, "location": "src/core/database.py", "message": "Session created successfully", "data": {"session_id": 2087931455632, "autocommit": "unknown"}, "runId": "initial", "hypothesisId": "A"}
{"sessionId": "25bd74", "id": "log_1778838412391_A", "timestamp": 1778838412391, "location": "src/core/database.py", "message": "Session yielded - about to exit context", "data": {"session_id": 2087931455632}, "runId": "initial", "hypothesisId": "A"}
{"sessionId": "25bd74", "id": "log_1778838412938_A", "timestamp": 1778838412938, "location": "src/core/database.py", "message": "get_db called - session start", "data": {}, "runId": "initial", "hypothesisId": "A"}
{"sessionId": "25bd74", "id": "log_1778838412939_A", "timestamp": 1778838412939, "location": "src/core/database.py", "message": "Session created successfully", "data": {"session_id": 2087931453392, "autocommit": "unknown"}, "runId": "initial", "hypothesisId": "A"}
{"sessionId": "25bd74", "id": "log_1778838412949_A", "timestamp": 1778838412949, "location": "src/core/database.py", "message": "Session yielded - about to exit context", "data": {"session_id": 2087931453392}, "runId": "initial", "hypothesisId": "A"}
{"sessionId": "25bd74", "id": "log_1778838413610_A", "timestamp": 1778838413610, "location": "src/core/database.py", "message": "get_db called - session start", "data": {}, "runId": "initial", "hypothesisId": "A"}
{"sessionId": "25bd74", "id": "log_1778838413612_A", "timestamp": 1778838413612, "location": "src/core/database.py", "message": "Session created successfully", "data": {"session_id": 2087927823472, "autocommit": "unknown"}, "runId": "initial", "hypothesisId": "A"}
{"sessionId": "25bd74", "id": "log_1778838413622_A", "timestamp": 1778838413622, "location": "src/core/database.py", "message": "Session yielded - about to exit context", "data": {"session_id": 2087927823472}, "runId": "initial", "hypothesisId": "A"}
{"sessionId": "25bd74", "id": "log_1778838417914_A", "timestamp": 1778838417914, "location": "src/core/database.py", "message": "get_db called - session start", "data": {}, "runId": "initial", "hypothesisId": "A"}
{"sessionId": "25bd74", "id": "log_1778838417915_A", "timestamp": 1778838417915, "location": "src/core/database.py", "message": "Session created successfully", "data": {"session_id": 2087932411984, "autocommit": "unknown"}, "runId": "initial", "hypothesisId": "A"}
{"sessionId": "25bd74", "id": "log_1778838417930_A", "timestamp": 1778838417930, "location": "src/core/database.py", "message": "Session yielded - about to exit context", "data": {"session_id": 2087932411984}, "runId": "initial", "hypothesisId": "A"}
{"sessionId": "25bd74", "id": "log_1778839694308_A", "timestamp": 1778839694308, "location": "src/core/database.py", "message": "get_db called - session start", "data": {}, "runId": "initial", "hypothesisId": "A"}
{"sessionId": "25bd74", "id": "log_1778839694310_A", "timestamp": 1778839694310, "location": "src/core/database.py", "message": "Session created successfully", "data": {"session_id": 2087932413712, "autocommit": "unknown"}, "runId": "initial", "hypothesisId": "A"}
{"sessionId": "25bd74", "id": "log_1778839694331_A", "timestamp": 1778839694331, "location": "src/core/database.py", "message": "Session yielded - about to exit context", "data": {"session_id": 2087932413712}, "runId": "initial", "hypothesisId": "A"}
{"sessionId": "25bd74", "id": "log_1778839703996_A", "timestamp": 1778839703996, "location": "src/core/database.py", "message": "get_db called - session start", "data": {}, "runId": "initial", "hypothesisId": "A"}
{"sessionId": "25bd74", "id": "log_1778839703998_A", "timestamp": 1778839703998, "location": "src/core/database.py", "message": "Session created successfully", "data": {"session_id": 2087932090112, "autocommit": "unknown"}, "runId": "initial", "hypothesisId": "A"}
{"sessionId": "25bd74", "id": "log_1778839704453_A", "timestamp": 1778839704453, "location": "src/core/database.py", "message": "Session yielded - about to exit context", "data": {"session_id": 2087932090112}, "runId": "initial", "hypothesisId": "A"}
{"sessionId": "25bd74", "id": "log_1778839704478_A", "timestamp": 1778839704478, "location": "src/core/database.py", "message": "get_db called - session start", "data": {}, "runId": "initial", "hypothesisId": "A"}
{"sessionId": "25bd74", "id": "log_1778839704479_A", "timestamp": 1778839704479, "location": "src/core/database.py", "message": "Session created successfully", "data": {"session_id": 2087932089760, "autocommit": "unknown"}, "runId": "initial", "hypothesisId": "A"}
{"sessionId": "25bd74", "id": "log_1778839704498_A", "timestamp": 1778839704498, "location": "src/core/database.py", "message": "Session yielded - about to exit context", "data": {"session_id": 2087932089760}, "runId": "initial", "hypothesisId": "A"}
{"sessionId": "25bd74", "id": "log_1778839712628_A", "timestamp": 1778839712628, "location": "src/core/database.py", "message": "get_db called - session start", "data": {}, "runId": "initial", "hypothesisId": "A"}
{"sessionId": "25bd74", "id": "log_1778839712629_A", "timestamp": 1778839712629, "location": "src/core/database.py", "message": "Session created successfully", "data": {"session_id": 2087932286032, "autocommit": "unknown"}, "runId": "initial", "hypothesisId": "A"}
{"sessionId": "25bd74", "id": "log_1778839712638_A", "timestamp": 1778839712638, "location": "src/core/database.py", "message": "Session yielded - about to exit context", "data": {"session_id": 2087932286032}, "runId": "initial", "hypothesisId": "A"}
